<?xml version="1.0" encoding="UTF-8"?>
<!-- Generated by org.testng.reporters.JUnitReportReporter -->
<testsuite hostname="Deepak-Personal-Desktop" failures="0" tests="1" name="mavenforjenkins.UITest" time="6.984" errors="0" timestamp="2021-08-14T20:07:42 IST" skipped="0">
  <testcase classname="mavenforjenkins.UITest" name="startBrowser" time="6.984"/>
  <system-out/>
</testsuite> <!-- mavenforjenkins.UITest -->
